<?xml version="1.0" encoding="UTF-8"?>
<!-- Generated by org.testng.reporters.JUnitReportReporter -->
<testsuite hostname="Prashant" failures="0" tests="4" name="com.indiamart.qa.testcases.SigninTest" time="18.196" errors="0" timestamp="2025-06-05T15:54:39 IST" skipped="0">
  <testcase classname="com.indiamart.qa.testcases.SigninTest" name="VerifySigninWithValidCredentials" time="5.892"/>
  <testcase classname="com.indiamart.qa.testcases.SigninTest" name="VerifySigninWithValidCredentials" time="3.955"/>
  <testcase classname="com.indiamart.qa.testcases.SigninTest" name="VerifySigninWithValidCredentials" time="4.731"/>
  <testcase classname="com.indiamart.qa.testcases.SigninTest" name="VerifySigninWithValidCredentials" time="3.618"/>
</testsuite> <!-- com.indiamart.qa.testcases.SigninTest -->
