<?xml version="1.0" encoding="UTF-8"?>
<!-- Generated by org.testng.reporters.JUnitReportReporter -->
<testsuite hostname="Prashant" failures="0" tests="1" name="com.indiamart.qa.testcases.SigninTest" time="3.436" errors="0" timestamp="2025-06-04T21:41:02 IST" skipped="0">
  <testcase classname="com.indiamart.qa.testcases.SigninTest" name="VerifySigninWithInValidCredentials" time="3.436"/>
</testsuite> <!-- com.indiamart.qa.testcases.SigninTest -->
