<?xml version="1.0" encoding="UTF-8"?>
<!-- Generated by org.testng.reporters.JUnitReportReporter -->
<testsuite hostname="Prashant" failures="0" tests="1" name="com.indiamart.qa.testcases.FooterTest" time="44.842" errors="0" timestamp="2025-06-12T14:34:54 IST" skipped="0">
  <testcase classname="com.indiamart.qa.testcases.FooterTest" name="verifyappleiconclickandredirectiononfootersection" time="44.842"/>
</testsuite> <!-- com.indiamart.qa.testcases.FooterTest -->
