<?xml version="1.0" encoding="UTF-8"?>
<!-- Generated by org.testng.reporters.JUnitReportReporter -->
<testsuite hostname="Prashant" failures="0" tests="3" name="com.indiamart.qa.testcases.RegisterTest" time="11.787" errors="0" timestamp="2025-06-06T10:27:43 IST" skipped="0">
  <testcase classname="com.indiamart.qa.testcases.RegisterTest" name="verifyRegisteringonhelp" time="3.860"/>
  <testcase classname="com.indiamart.qa.testcases.RegisterTest" name="verifyRegisteringwithinvalidCredentials" time="3.707"/>
  <testcase classname="com.indiamart.qa.testcases.RegisterTest" name="verifyRegisteringwithnoCredentials" time="4.220"/>
</testsuite> <!-- com.indiamart.qa.testcases.RegisterTest -->
