<?xml version="1.0" encoding="UTF-8"?>
<!-- Generated by org.testng.reporters.JUnitReportReporter -->
<testsuite hostname="Prashant" failures="0" tests="4" name="com.indiamart.qa.testcases.SigninTest" time="12.978" errors="0" timestamp="2025-05-31T11:36:28 IST" skipped="0">
  <testcase classname="com.indiamart.qa.testcases.SigninTest" name="VerifySigninWithValidCredentials" time="2.956"/>
  <testcase classname="com.indiamart.qa.testcases.SigninTest" name="VerifySigninWithValidCredentials" time="3.024"/>
  <testcase classname="com.indiamart.qa.testcases.SigninTest" name="VerifySigninWithValidCredentials" time="3.073"/>
  <testcase classname="com.indiamart.qa.testcases.SigninTest" name="VerifySigninWithValidCredentials" time="3.925"/>
</testsuite> <!-- com.indiamart.qa.testcases.SigninTest -->
