<?xml version="1.0" encoding="UTF-8"?>
<!-- Generated by org.testng.reporters.JUnitReportReporter -->
<testsuite hostname="Prashant" failures="0" tests="11" name="com.indiamart.qa.testcases.QuicklinksTest" time="36.248" errors="0" timestamp="2025-06-12T11:23:04 IST" skipped="0">
  <testcase classname="com.indiamart.qa.testcases.QuicklinksTest" name="verifyquicklink1clickandredirection" time="4.374"/>
  <testcase classname="com.indiamart.qa.testcases.QuicklinksTest" name="verifyquicklink2clickandredirection" time="4.205"/>
  <testcase classname="com.indiamart.qa.testcases.QuicklinksTest" name="verifyquicklink3clickandredirection" time="4.771"/>
  <testcase classname="com.indiamart.qa.testcases.QuicklinksTest" name="verifybuyingonindiamartclickandredirection" time="2.639"/>
  <testcase classname="com.indiamart.qa.testcases.QuicklinksTest" name="verifysellingonindiamartclickandredirection" time="2.651"/>
  <testcase classname="com.indiamart.qa.testcases.QuicklinksTest" name="verifypaidserviceofindiamartonindiamartclickandredirection" time="3.286"/>
  <testcase classname="com.indiamart.qa.testcases.QuicklinksTest" name="verifypaymentrelatedonindiamartclickandredirection" time="2.746"/>
  <testcase classname="com.indiamart.qa.testcases.QuicklinksTest" name="verifycommunicationandsupportonindiamartclickandredirection" time="2.714"/>
  <testcase classname="com.indiamart.qa.testcases.QuicklinksTest" name="verifypoliciesandguidelinesonindiamartclickandredirection" time="2.725"/>
  <testcase classname="com.indiamart.qa.testcases.QuicklinksTest" name="verifyaccountandprivacyonindiamartclickandredirection" time="2.585"/>
  <testcase classname="com.indiamart.qa.testcases.QuicklinksTest" name="verifycomplaintsonindiamartclickandredirection" time="3.552"/>
</testsuite> <!-- com.indiamart.qa.testcases.QuicklinksTest -->
