<?xml version="1.0" encoding="UTF-8"?>
<!-- Generated by org.testng.reporters.JUnitReportReporter -->
<testsuite hostname="Prashant" failures="0" tests="1" name="com.indiamart.qa.testcases.RegisterTest" time="6.081" errors="0" timestamp="2025-05-31T11:43:10 IST" skipped="0">
  <testcase classname="com.indiamart.qa.testcases.RegisterTest" name="verifyRegisteringonhelp" time="6.081"/>
</testsuite> <!-- com.indiamart.qa.testcases.RegisterTest -->
