<?xml version="1.0" encoding="UTF-8"?>
<!-- Generated by org.testng.reporters.JUnitReportReporter -->
<testsuite hostname="Prashant" failures="0" tests="8" name="com.indiamart.qa.testcases.SearchTest" time="29.907" errors="0" timestamp="2025-06-04T21:40:11 IST" skipped="0">
  <testcase classname="com.indiamart.qa.testcases.SearchTest" name="searchwithvalidinputs" time="4.920"/>
  <testcase classname="com.indiamart.qa.testcases.SearchTest" name="searchwithvalidinputs" time="3.492"/>
  <testcase classname="com.indiamart.qa.testcases.SearchTest" name="searchwithvalidinputs" time="3.488"/>
  <testcase classname="com.indiamart.qa.testcases.SearchTest" name="searchwithinvalidinputs" time="3.418"/>
  <testcase classname="com.indiamart.qa.testcases.SearchTest" name="searchwithinvalidinputs" time="3.344"/>
  <testcase classname="com.indiamart.qa.testcases.SearchTest" name="searchwithinvalidinputs" time="5.265"/>
  <testcase classname="com.indiamart.qa.testcases.SearchTest" name="searchwithnoinputs" time="2.865"/>
  <testcase classname="com.indiamart.qa.testcases.SearchTest" name="searchwithnoinputs" time="3.115"/>
</testsuite> <!-- com.indiamart.qa.testcases.SearchTest -->
