<?xml version="1.0" encoding="UTF-8"?>
<!-- Generated by org.testng.reporters.JUnitReportReporter -->
<testsuite hostname="Prashant" failures="0" tests="3" name="com.indiamart.qa.testcases.SearchTest" time="11.713" errors="0" timestamp="2025-06-10T21:52:17 IST" skipped="0">
  <testcase classname="com.indiamart.qa.testcases.SearchTest" name="searchwithinvalidinputs" time="4.669"/>
  <testcase classname="com.indiamart.qa.testcases.SearchTest" name="searchwithinvalidinputs" time="3.461"/>
  <testcase classname="com.indiamart.qa.testcases.SearchTest" name="searchwithinvalidinputs" time="3.583"/>
</testsuite> <!-- com.indiamart.qa.testcases.SearchTest -->
